<?xml version="1.0" encoding="UTF-8"?>
<testng-results skipped="1" failed="0" ignored="0" total="1" passed="0">
  <reporter-output>
  </reporter-output>
  <suite name="API-v2.0_Suite" duration-ms="21" started-at="2018-03-04T10:59:34Z" finished-at="2018-03-04T10:59:34Z">
    <groups>
    </groups>
    <test name="API-v2.0_Test" duration-ms="21" started-at="2018-03-04T10:59:34Z" finished-at="2018-03-04T10:59:34Z">
      <class name="com.testscripts.Chart_GetSocialHistory_TC1">
        <test-method status="PASS" signature="createDetailedTestLog()[pri:0, instance:com.testscripts.Chart_GetSocialHistory_TC1@115066b8]" name="createDetailedTestLog" is-config="true" duration-ms="47600" started-at="2018-03-04T16:28:46Z" finished-at="2018-03-04T16:29:34Z">
          <reporter-output>
          </reporter-output>
        </test-method> <!-- createDetailedTestLog -->
        <test-method status="PASS" signature="preCondition()[pri:0, instance:com.testscripts.Chart_GetSocialHistory_TC1@115066b8]" name="preCondition" is-config="true" duration-ms="8" started-at="2018-03-04T16:29:34Z" finished-at="2018-03-04T16:29:34Z">
          <reporter-output>
          </reporter-output>
        </test-method> <!-- preCondition -->
        <test-method status="SKIP" signature="beforeTest()[pri:0, instance:com.testscripts.Chart_GetSocialHistory_TC1@115066b8]" name="beforeTest" is-config="true" duration-ms="0" started-at="2018-03-04T16:29:34Z" finished-at="2018-03-04T16:29:34Z">
          <exception class="org.testng.SkipException">
            <message>
              <![CDATA[User Credentials doesn't exist in NGA Database, unable to fetch the user defaults. Kindly check credentials]]>
            </message>
            <full-stacktrace>
              <![CDATA[org.testng.SkipException: User Credentials doesn't exist in NGA Database, unable to fetch the user defaults. Kindly check credentials
	at com.testscripts.BaseTest.beforeTest(BaseTest.java:245)
	at sun.reflect.NativeMethodAccessorImpl.invoke0(Native Method)
	at sun.reflect.NativeMethodAccessorImpl.invoke(NativeMethodAccessorImpl.java:62)
	at sun.reflect.DelegatingMethodAccessorImpl.invoke(DelegatingMethodAccessorImpl.java:43)
	at java.lang.reflect.Method.invoke(Method.java:498)
	at org.testng.internal.MethodInvocationHelper.invokeMethod(MethodInvocationHelper.java:104)
	at org.testng.internal.Invoker.invokeConfigurationMethod(Invoker.java:515)
	at org.testng.internal.Invoker.invokeConfigurations(Invoker.java:217)
	at org.testng.internal.Invoker.invokeMethod(Invoker.java:590)
	at org.testng.internal.Invoker.invokeTestMethod(Invoker.java:851)
	at org.testng.internal.Invoker.invokeTestMethods(Invoker.java:1177)
	at org.testng.internal.TestMethodWorker.invokeTestMethods(TestMethodWorker.java:129)
	at org.testng.internal.TestMethodWorker.run(TestMethodWorker.java:112)
	at java.util.concurrent.ThreadPoolExecutor.runWorker(ThreadPoolExecutor.java:1149)
	at java.util.concurrent.ThreadPoolExecutor$Worker.run(ThreadPoolExecutor.java:624)
	at java.lang.Thread.run(Thread.java:748)
]]>
            </full-stacktrace>
          </exception> <!-- org.testng.SkipException -->
          <reporter-output>
          </reporter-output>
        </test-method> <!-- beforeTest -->
        <test-method status="SKIP" signature="chart_GetSocialHistory_TC1()[pri:0, instance:com.testscripts.Chart_GetSocialHistory_TC1@115066b8]" name="chart_GetSocialHistory_TC1" duration-ms="0" started-at="2018-03-04T16:29:34Z" finished-at="2018-03-04T16:29:34Z">
          <exception class="org.testng.SkipException">
            <message>
              <![CDATA[User Credentials doesn't exist in NGA Database, unable to fetch the user defaults. Kindly check credentials]]>
            </message>
            <full-stacktrace>
              <![CDATA[org.testng.SkipException: User Credentials doesn't exist in NGA Database, unable to fetch the user defaults. Kindly check credentials
	at com.testscripts.BaseTest.beforeTest(BaseTest.java:245)
	at sun.reflect.NativeMethodAccessorImpl.invoke0(Native Method)
	at sun.reflect.NativeMethodAccessorImpl.invoke(NativeMethodAccessorImpl.java:62)
	at sun.reflect.DelegatingMethodAccessorImpl.invoke(DelegatingMethodAccessorImpl.java:43)
	at java.lang.reflect.Method.invoke(Method.java:498)
	at org.testng.internal.MethodInvocationHelper.invokeMethod(MethodInvocationHelper.java:104)
	at org.testng.internal.Invoker.invokeConfigurationMethod(Invoker.java:515)
	at org.testng.internal.Invoker.invokeConfigurations(Invoker.java:217)
	at org.testng.internal.Invoker.invokeMethod(Invoker.java:590)
	at org.testng.internal.Invoker.invokeTestMethod(Invoker.java:851)
	at org.testng.internal.Invoker.invokeTestMethods(Invoker.java:1177)
	at org.testng.internal.TestMethodWorker.invokeTestMethods(TestMethodWorker.java:129)
	at org.testng.internal.TestMethodWorker.run(TestMethodWorker.java:112)
	at java.util.concurrent.ThreadPoolExecutor.runWorker(ThreadPoolExecutor.java:1149)
	at java.util.concurrent.ThreadPoolExecutor$Worker.run(ThreadPoolExecutor.java:624)
	at java.lang.Thread.run(Thread.java:748)
]]>
            </full-stacktrace>
          </exception> <!-- org.testng.SkipException -->
          <reporter-output>
          </reporter-output>
        </test-method> <!-- chart_GetSocialHistory_TC1 -->
        <test-method status="SKIP" signature="testCleanUp()[pri:0, instance:com.testscripts.Chart_GetSocialHistory_TC1@115066b8]" name="testCleanUp" is-config="true" duration-ms="0" started-at="2018-03-04T16:29:34Z" finished-at="2018-03-04T16:29:34Z">
          <reporter-output>
          </reporter-output>
        </test-method> <!-- testCleanUp -->
        <test-method status="SKIP" signature="tearDown()[pri:0, instance:com.testscripts.Chart_GetSocialHistory_TC1@115066b8]" name="tearDown" is-config="true" duration-ms="0" started-at="2018-03-04T16:29:34Z" finished-at="2018-03-04T16:29:34Z">
          <reporter-output>
          </reporter-output>
        </test-method> <!-- tearDown -->
      </class> <!-- com.testscripts.Chart_GetSocialHistory_TC1 -->
    </test> <!-- API-v2.0_Test -->
  </suite> <!-- API-v2.0_Suite -->
</testng-results>
